<?xml version="1.0" encoding="UTF-8"?>
<!-- Generated by org.testng.reporters.JUnitReportReporter -->
<testsuite hostname="LAPTOP-9J7G2HQJ" failures="0" tests="2" name="testNgClasses.VerifyThatUserIsAbleToLoginIntoFacebookAccount" time="77.852" errors="0" timestamp="2024-05-11T15:55:58 IST" skipped="0">
  <testcase classname="testNgClasses.VerifyThatUserIsAbleToLoginIntoFacebookAccount" name="facebookLogin" time="52.292"/>
  <system-out/>
  <testcase classname="testNgClasses.VerifyThatUserIsAbleToLoginIntoFacebookAccount" name="facebookLogin" time="25.560"/>
  <system-out/>
</testsuite> <!-- testNgClasses.VerifyThatUserIsAbleToLoginIntoFacebookAccount -->
