<?xml version="1.0" encoding="UTF-8"?>
<!-- Generated by org.testng.reporters.JUnitReportReporter -->
<testsuite hostname="LAPTOP-9J7G2HQJ" failures="0" tests="4" name="testNgClasses.VerifyAllElentsOnHomepageAreClickableOrNot" time="130.236" errors="0" timestamp="2024-05-11T15:55:58 IST" skipped="0">
  <testcase classname="testNgClasses.VerifyAllElentsOnHomepageAreClickableOrNot" name="test1" time="33.007"/>
  <system-out/>
  <testcase classname="testNgClasses.VerifyAllElentsOnHomepageAreClickableOrNot" name="test2" time="14.669"/>
  <system-out/>
  <testcase classname="testNgClasses.VerifyAllElentsOnHomepageAreClickableOrNot" name="test1" time="55.258"/>
  <system-out/>
  <testcase classname="testNgClasses.VerifyAllElentsOnHomepageAreClickableOrNot" name="test2" time="27.302"/>
  <system-out/>
</testsuite> <!-- testNgClasses.VerifyAllElentsOnHomepageAreClickableOrNot -->
