<?xml version="1.0" encoding="UTF-8"?>
<!-- Generated by org.testng.reporters.JUnitReportReporter -->
<testsuite hostname="LAPTOP-9J7G2HQJ" failures="0" tests="4" name="testNgClasses.VerifyAllElentsOnHomepageAreClickableOrNot" time="173.708" errors="0" timestamp="2024-05-11T12:59:21 IST" skipped="0">
  <testcase classname="testNgClasses.VerifyAllElentsOnHomepageAreClickableOrNot" name="test2" time="15.617"/>
  <system-out/>
  <testcase classname="testNgClasses.VerifyAllElentsOnHomepageAreClickableOrNot" name="test2" time="45.930"/>
  <system-out/>
  <testcase classname="testNgClasses.VerifyAllElentsOnHomepageAreClickableOrNot" name="test1" time="73.744"/>
  <system-out/>
  <testcase classname="testNgClasses.VerifyAllElentsOnHomepageAreClickableOrNot" name="test1" time="38.417"/>
  <system-out/>
</testsuite> <!-- testNgClasses.VerifyAllElentsOnHomepageAreClickableOrNot -->
