<?xml version="1.0" encoding="UTF-8"?>
<!-- Generated by org.testng.reporters.JUnitReportReporter -->
<testsuite hostname="LAPTOP-9J7G2HQJ" failures="0" tests="2" name="testNgClasses.VerifyThatUserIsAbleToLoginIntoFacebookAccount" time="32.452" errors="0" timestamp="2024-05-10T23:35:56 IST" skipped="0">
  <testcase classname="testNgClasses.VerifyThatUserIsAbleToLoginIntoFacebookAccount" name="facebookLogin" time="15.080"/>
  <system-out/>
  <testcase classname="testNgClasses.VerifyThatUserIsAbleToLoginIntoFacebookAccount" name="facebookLogin" time="17.372"/>
  <system-out/>
</testsuite> <!-- testNgClasses.VerifyThatUserIsAbleToLoginIntoFacebookAccount -->
