<?xml version="1.0" encoding="UTF-8"?>
<!-- Generated by org.testng.reporters.JUnitReportReporter -->
<testsuite hostname="LAPTOP-9J7G2HQJ" failures="0" tests="4" name="testNgClasses.verifyForgotPasswordFunctonality" time="86.336" errors="0" timestamp="2024-05-11T12:59:21 IST" skipped="0">
  <testcase classname="testNgClasses.verifyForgotPasswordFunctonality" name="verifyPasswordShouldBeChangedSucccessfully" time="30.086"/>
  <system-out/>
  <testcase classname="testNgClasses.verifyForgotPasswordFunctonality" name="verifyPasswordShouldBeChangedSucccessfully" time="25.335"/>
  <system-out/>
  <testcase classname="testNgClasses.verifyForgotPasswordFunctonality" name="verifyErrorMessageWhenForgotFunctionalityIsUsed" time="15.628"/>
  <system-out/>
  <testcase classname="testNgClasses.verifyForgotPasswordFunctonality" name="verifyErrorMessageWhenForgotFunctionalityIsUsed" time="15.287"/>
  <system-out/>
</testsuite> <!-- testNgClasses.verifyForgotPasswordFunctonality -->
