<?xml version="1.0" encoding="UTF-8"?>
<!-- Generated by org.testng.reporters.JUnitReportReporter -->
<testsuite hostname="LAPTOP-9J7G2HQJ" failures="0" tests="4" name="testNgClasses.verifyForgotPasswordFunctonality" time="62.076" errors="0" timestamp="2024-05-11T15:55:58 IST" skipped="0">
  <testcase classname="testNgClasses.verifyForgotPasswordFunctonality" name="verifyPasswordShouldBeChangedSucccessfully" time="25.619"/>
  <system-out/>
  <testcase classname="testNgClasses.verifyForgotPasswordFunctonality" name="verifyPasswordShouldBeChangedSucccessfully" time="4.460"/>
  <system-out/>
  <testcase classname="testNgClasses.verifyForgotPasswordFunctonality" name="verifyErrorMessageWhenForgotFunctionalityIsUsed" time="21.085"/>
  <system-out/>
  <testcase classname="testNgClasses.verifyForgotPasswordFunctonality" name="verifyErrorMessageWhenForgotFunctionalityIsUsed" time="10.912"/>
  <system-out/>
</testsuite> <!-- testNgClasses.verifyForgotPasswordFunctonality -->
