<?xml version="1.0" encoding="UTF-8"?>
<!-- Generated by org.testng.reporters.JUnitReportReporter -->
<testsuite hostname="LAPTOP-9J7G2HQJ" failures="0" tests="4" name="testNgClasses.VerifyAllElentsOnHomepageAreClickableOrNot" time="66.357" errors="0" timestamp="2024-05-10T23:35:56 IST" skipped="0">
  <testcase classname="testNgClasses.VerifyAllElentsOnHomepageAreClickableOrNot" name="test2" time="13.936"/>
  <system-out/>
  <testcase classname="testNgClasses.VerifyAllElentsOnHomepageAreClickableOrNot" name="test1" time="20.468"/>
  <system-out/>
  <testcase classname="testNgClasses.VerifyAllElentsOnHomepageAreClickableOrNot" name="test1" time="20.489"/>
  <system-out/>
  <testcase classname="testNgClasses.VerifyAllElentsOnHomepageAreClickableOrNot" name="test2" time="11.464"/>
  <system-out/>
</testsuite> <!-- testNgClasses.VerifyAllElentsOnHomepageAreClickableOrNot -->
